# JRE version: OpenJDK Runtime Environment JBR-11.0.13.7-1751.19-jcef (11.0.13+7) (build 11.0.13+7-b1751.19)
# Java VM: OpenJDK 64-Bit Server VM JBR-11.0.13.7-1751.19-jcef (11.0.13+7-b1751.19, mixed mode, tiered, compressed oops, g1 gc, windows-amd64)
Heap:
 garbage-first heap   total 390144K, used 274346K [0x0000000080000000, 0x0000000100000000)
  region size 1024K, 35 young (35840K), 5 survivors (5120K)
 Metaspace       used 132547K, capacity 136356K, committed 136476K, reserved 1167360K
  class space    used 16796K, capacity 18215K, committed 18284K, reserved 1048576K
GC Heap History (20 events):
Event: 501.249 GC heap before
{Heap before GC invocations=44 (full 0):
 garbage-first heap   total 260096K, used 217224K [0x0000000080000000, 0x0000000100000000)
  region size 1024K, 48 young (49152K), 1 survivors (1024K)
 Metaspace       used 128166K, capacity 131596K, committed 131740K, reserved 1163264K
  class space    used 16284K, capacity 17573K, committed 17644K, reserved 1048576K
}
Event: 501.255 GC heap after
{Heap after GC invocations=45 (full 0):
 garbage-first heap   total 260096K, used 169369K [0x0000000080000000, 0x0000000100000000)
  region size 1024K, 1 young (1024K), 1 survivors (1024K)
 Metaspace       used 128166K, capacity 131596K, committed 131740K, reserved 1163264K
  class space    used 16284K, capacity 17573K, committed 17644K, reserved 1048576K
}
Event: 501.803 GC heap before
{Heap before GC invocations=46 (full 0):
 garbage-first heap   total 260096K, used 219545K [0x0000000080000000, 0x0000000100000000)
  region size 1024K, 50 young (51200K), 1 survivors (1024K)
 Metaspace       used 128416K, capacity 131860K, committed 131996K, reserved 1163264K
  class space    used 16287K, capacity 17573K, committed 17644K, reserved 1048576K
}
Event: 501.805 GC heap after
{Heap after GC invocations=47 (full 0):
 garbage-first heap   total 260096K, used 169770K [0x0000000080000000, 0x0000000100000000)
  region size 1024K, 2 young (2048K), 2 survivors (2048K)
 Metaspace       used 128416K, capacity 131860K, committed 131996K, reserved 1163264K
  class space    used 16287K, capacity 17573K, committed 17644K, reserved 1048576K
}
Event: 502.271 GC heap before
{Heap before GC invocations=47 (full 0):
 garbage-first heap   total 260096K, used 219946K [0x0000000080000000, 0x0000000100000000)
  region size 1024K, 51 young (52224K), 2 survivors (2048K)
 Metaspace       used 129600K, capacity 133167K, committed 133404K, reserved 1165312K
  class space    used 16447K, capacity 17768K, committed 17772K, reserved 1048576K
}
Event: 502.274 GC heap after
{Heap after GC invocations=48 (full 0):
 garbage-first heap   total 260096K, used 170972K [0x0000000080000000, 0x0000000100000000)
  region size 1024K, 3 young (3072K), 3 survivors (3072K)
 Metaspace       used 129600K, capacity 133167K, committed 133404K, reserved 1165312K
  class space    used 16447K, capacity 17768K, committed 17772K, reserved 1048576K
}
Event: 502.954 GC heap before
{Heap before GC invocations=48 (full 0):
 garbage-first heap   total 260096K, used 236508K [0x0000000080000000, 0x0000000100000000)
  region size 1024K, 53 young (54272K), 3 survivors (3072K)
 Metaspace       used 131045K, capacity 134789K, committed 135068K, reserved 1167360K
  class space    used 16648K, capacity 18027K, committed 18156K, reserved 1048576K
}
Event: 502.967 GC heap after
{Heap after GC invocations=49 (full 0):
 garbage-first heap   total 260096K, used 198233K [0x0000000080000000, 0x0000000100000000)
  region size 1024K, 7 young (7168K), 7 survivors (7168K)
 Metaspace       used 131045K, capacity 134789K, committed 135068K, reserved 1167360K
  class space    used 16648K, capacity 18027K, committed 18156K, reserved 1048576K
}
Event: 503.166 GC heap before
{Heap before GC invocations=49 (full 0):
 garbage-first heap   total 260096K, used 221785K [0x0000000080000000, 0x0000000100000000)
  region size 1024K, 30 young (30720K), 7 survivors (7168K)
 Metaspace       used 131238K, capacity 134990K, committed 135324K, reserved 1167360K
  class space    used 16648K, capacity 18027K, committed 18156K, reserved 1048576K
}
Event: 503.193 GC heap after
{Heap after GC invocations=50 (full 0):
 garbage-first heap   total 260096K, used 210944K [0x0000000080000000, 0x0000000100000000)
  region size 1024K, 4 young (4096K), 4 survivors (4096K)
 Metaspace       used 131238K, capacity 134990K, committed 135324K, reserved 1167360K
  class space    used 16648K, capacity 18027K, committed 18156K, reserved 1048576K
}
Event: 503.303 GC heap before
{Heap before GC invocations=50 (full 0):
 garbage-first heap   total 260096K, used 222208K [0x0000000080000000, 0x0000000100000000)
  region size 1024K, 16 young (16384K), 4 survivors (4096K)
 Metaspace       used 131253K, capacity 134991K, committed 135324K, reserved 1167360K
  class space    used 16648K, capacity 18027K, committed 18156K, reserved 1048576K
}
Event: 503.324 GC heap after
{Heap after GC invocations=51 (full 0):
 garbage-first heap   total 324608K, used 218368K [0x0000000080000000, 0x0000000100000000)
  region size 1024K, 2 young (2048K), 2 survivors (2048K)
 Metaspace       used 131253K, capacity 134991K, committed 135324K, reserved 1167360K
  class space    used 16648K, capacity 18027K, committed 18156K, reserved 1048576K
}
Event: 504.918 GC heap before
{Heap before GC invocations=52 (full 0):
 garbage-first heap   total 324608K, used 253184K [0x0000000080000000, 0x0000000100000000)
  region size 1024K, 37 young (37888K), 2 survivors (2048K)
 Metaspace       used 131594K, capacity 135366K, committed 135580K, reserved 1167360K
  class space    used 16704K, capacity 18106K, committed 18156K, reserved 1048576K
}
Event: 504.935 GC heap after
{Heap after GC invocations=53 (full 0):
 garbage-first heap   total 324608K, used 230854K [0x0000000080000000, 0x0000000100000000)
  region size 1024K, 5 young (5120K), 5 survivors (5120K)
 Metaspace       used 131594K, capacity 135366K, committed 135580K, reserved 1167360K
  class space    used 16704K, capacity 18106K, committed 18156K, reserved 1048576K
}
Event: 505.191 GC heap before
{Heap before GC invocations=53 (full 0):
 garbage-first heap   total 324608K, used 241094K [0x0000000080000000, 0x0000000100000000)
  region size 1024K, 15 young (15360K), 5 survivors (5120K)
 Metaspace       used 131631K, capacity 135414K, committed 135580K, reserved 1167360K
  class space    used 16707K, capacity 18142K, committed 18156K, reserved 1048576K
}
Event: 505.204 GC heap after
{Heap after GC invocations=54 (full 0):
 garbage-first heap   total 324608K, used 231696K [0x0000000080000000, 0x0000000100000000)
  region size 1024K, 2 young (2048K), 2 survivors (2048K)
 Metaspace       used 131631K, capacity 135414K, committed 135580K, reserved 1167360K
  class space    used 16707K, capacity 18142K, committed 18156K, reserved 1048576K
}
Event: 505.734 GC heap before
{Heap before GC invocations=54 (full 0):
 garbage-first heap   total 324608K, used 262416K [0x0000000080000000, 0x0000000100000000)
  region size 1024K, 32 young (32768K), 2 survivors (2048K)
 Metaspace       used 132195K, capacity 136050K, committed 136220K, reserved 1167360K
  class space    used 16762K, capacity 18179K, committed 18284K, reserved 1048576K
}
Event: 505.752 GC heap after
{Heap after GC invocations=55 (full 0):
 garbage-first heap   total 324608K, used 236330K [0x0000000080000000, 0x0000000100000000)
  region size 1024K, 4 young (4096K), 4 survivors (4096K)
 Metaspace       used 132195K, capacity 136050K, committed 136220K, reserved 1167360K
  class space    used 16762K, capacity 18179K, committed 18284K, reserved 1048576K
}
Event: 506.258 GC heap before
{Heap before GC invocations=55 (full 0):
 garbage-first heap   total 324608K, used 268074K [0x0000000080000000, 0x0000000100000000)
  region size 1024K, 34 young (34816K), 4 survivors (4096K)
 Metaspace       used 132395K, capacity 136211K, committed 136476K, reserved 1167360K
  class space    used 16787K, capacity 18211K, committed 18284K, reserved 1048576K
}
Event: 506.288 GC heap after
{Heap after GC invocations=56 (full 0):
 garbage-first heap   total 390144K, used 242602K [0x0000000080000000, 0x0000000100000000)
  region size 1024K, 5 young (5120K), 5 survivors (5120K)
 Metaspace       used 132395K, capacity 136211K, committed 136476K, reserved 1167360K
  class space    used 16787K, capacity 18211K, committed 18284K, reserved 1048576K
}

